<?xml version="1.0" encoding="UTF-8" ?>
<testsuite tests="12" failures="0" name="runner.RunnerTest" time="1.531" errors="0" skipped="0">
  <properties>
[...]
</properties>
  <testcase classname="| abc | abc |" name="Given User is on login page" time="0.015"/>
  <testcase classname="| abc | abc |" name="And User enters invalid username as abc" time="0"/>
  <testcase classname="| abc | abc |" name="And User enters invalid password as abc" time="0"/>
  <testcase classname="| abc | abc |" name="And User clicks the login button" time="0"/>
  <testcase classname="| abc | abc |" name="Then Verify the Invalid credentials message is displayed on the screen" time="0.005"/>
  <testcase classname="| abc | abc |" name="| abc | abc |" time="0.771"/>
  <testcase classname="| xyz | xyz |" name="Given User is on login page" time="0"/>
  <testcase classname="| xyz | xyz |" name="And User enters invalid username as xyz" time="0"/>
  <testcase classname="| xyz | xyz |" name="And User enters invalid password as xyz" time="0"/>
  <testcase classname="| xyz | xyz |" name="And User clicks the login button" time="0"/>
  <testcase classname="| xyz | xyz |" name="Then Verify the Invalid credentials message is displayed on the screen" time="0"/>
  <testcase classname="| xyz | xyz |" name="| xyz | xyz |" time="0.74"/>
</testsuite>